1557328908841:help
1557385878702:create_mysql_con localconnection jdbc:mysql://localhost:3306/pgp root "" ""
1557385898508:create_mysql_con localconnection jdbc:mysql://localhost:3306/pgp root '' 'select * from user'
1557385919988:create_mysql_con localconnection jdbc:mysql://localhost:3306/pgp root `` `select * from user`
1557385939825:create_mysql_con localconnection jdbc:mysql://localhost:3306/pgp root '' 'select * from user'
1557385976465:create_mysql_con localconnection jdbc:mysql://localhost:3306/pgp root '' 'select_*_from_user'
1557385996353:create_mysql_con localconnection jdbc:mysql://localhost:3306/pgp root ~ select_*_from_user
1557386323165:help
1557386350894:show_mysql_cons
1557386557610:help
1557386584759:create_folder_con folder1Con C:/Users/helias/vids C:/Users/helias/temp
1557389012030:help
1557389034612:show_mysql_cons
1557389220738:help
1557389227206:show_mysql_cons
1557389281986:help
1557389287279:show_mysql_cons
1557389301862:help
1557389311743:show_folder_cons
1557389324929:set_mysqltofolderroute 1 1
1557389338478:start
1557389458343:mysql
1557389462766:cls
1557389465063:clear
1557389475070:help
1557389501178:set_mysqltofolderroute 1 1
1557389633123:help
1557389637217:show_folder_cons
1557389641744:help
1557389649107:set_mysqltofolderroute 1 1
1557389661864:help
1557389712835:start
1557391862152:help
1557391870062:set_mysqltofolderroute 1 1
1557391874853:help
1557391878140:start
1557392906017:help
1557392911132:set_mysqltofolderroute 1 1
1557392915002:help
1557392918225:start
1557393189414:help
1557393195471:set_mysqltofolderroute 1 1
1557393197450:start
1557394154466:help
1557394160617:set_mysqltofolderroute 1 1
1557394163086:start
1557394848603:help
1557394854861:set_mysqltofolderroute 1 1
1557394862738:start
1557395000894:help
1557395006340:set_mysqltofolderroute 1 1
1557395009490:start
1557395302943:help
1557395307916:set_mysqltofolderroute 1 1
1557395311202:start
1557397280729:help
1557397286173:set_mysqltofolderroute 1 1
1557397288115:start
1557397537318:help
1557397549699:show_folder_cons
1557397564017:help
1557397568162:show_mysql_cons
1557397582745:help
1557397598468:set_mysqltofolderroute 1 1
1557413898752:help
1557413922209:set_mysqltofolderroute 1 1
1557413925182:start
1557413974846:set_mysqltofolderroute  1 1
1557413976863:start
1557414227002:helo
1557414229294:help
1557414235727:set_mysqltofolderroute 1 1
1557414238565:start
1557414507521:help
1557414516838:set_mysqltofolderroute 1 1
1557414519115:start
1557414563283:help
1557414566112:set_mysqltofolderroute 1 1
1557414568110:start
1557414630910:set_mysqltofolderroute 1 1
1557414632958:start
1557414708120:set_mysqltofolderroute 1 1
1557414710488:start
1557414796873:set_mysqltofolderroute 1 1
1557414799490:start
1557471878278:help
1557471886609:set_mysqltofolderroute 1 1
1557471889973:start
1557472137641:help
1557472280736:set_mysqltofolderroute 1 1
1557472283150:start
1557472964391:help
1557472969845:set_mysqltofolderroute 1 1
1557472973675:start
1557473985100:help
1557473991706:set_mysqltofolderroute 1 1
1557473993920:start
1557474120788:help
1557474125771:set_mysqltofolderroute 1 1
1557474128943:start
1557474376708:help
1557474381459:set_mysqltofolderroute
1557474385275:set_mysqltofolderroute 1 1
1557474388263:start
1557476191014:help
1557476195724:set_mysqltofolderroute 1 1
1557476197626:start
1557476705971:help
1557476710129:set_mysqltofolderroute 1 1
1557476712391:start
1557477367459:q
1557480708400:q2
1557738247238:help
1557738269827:q
1557744418760:help
1557744425463:q
1557744429793:stop
1557744432312:q
1557758915449:q3
1557826373814:help
1557826379289:cls
1558531062901:help
1558531274178:q
1558688767804:help
1558688777905:q
1558699319821:t4
1558701800622:t4\\
1558701803500:t4
1558701816075:q3
1558701866111:q4
1558702295417:t4
1558702354604:q4
1558703037803:stop
1558703057539:q4
1558708196444:q5
1558710732744:q7
1558710842415:Q7
1558710846923:q7
1558712472433:q6
1558713817356:q5
1558941498097:q6
1558941633676:q5
1558942069565:q6
1558943861447:q5
1558943920068:q6
1558944055002:q
1558944665848:q6
1558944881575:q
1558946197683:q6
1558947284983:q
1558947314582:q5
1558947382556:q6
1558969891171:help
1558969897805:q
1559028236557:scenario1
1559304807511:help
1559307667813:q5
1559307717818:q
1559307721777:q5
1559307789660:q
1559314339027:help
1559314353907:q6
1559545039743:help
1559554209155:q
1559562492554:test1
1559569455620:test2
1559572798928:test1
1559572901289:test2
1559572960018:test3
1559572962584:test2
1559636641338:test3
1559636847795:test
1559636851096:test3
1559636861904:test2
1559636928093:test3
1559726755867:help
1559726984212:test3
1559727090795:test2
1559727176375:test3
1559818563667:test4
1559820234408:test3
1559821219096:test4
1559892543357:τεστ4
1559892547306:test4
1559896301675:test5
1559900547066:test6
1559912139837:test1
1559912551140:test6
1559914540609:test7
1559914861697:test78
1559914864118:test7
1559914942112:test6
1559914971705:test7
1559915191145:test6
1559915458652:test7
1559916997381:test8
1559917167847:test7
1559917215959:test8
1559917250424:test7
1559917274481:test8
1559921311000:test9
1560153994608:test8
1560155880270:test10
1560156563181:test9
1560163832444:test8
1560165585351:test10
1560165997843:test8
1560166049682:test10
1560167262718:test8
1560167932319:test10
1560167985540:test8
1560170344622:test10
1560173729795:test8
1560173846055:test10
1560175280734:test8
1560254770799:test10
1560335237640:test8
1560340451177:test11
1560342088257:test8
1560432045357:mainTest
1560432083175:maintest
1560775586744:resttest
1560776193387:testtest
1560776204497:resttest
1560779649438:testtest
1560779654099:resttest
1560781933945:resttet
1560781936788:resttest
1560782188030:testtest
1560782193026:resttest
1560839292738:help
1560845170055:dynamicRoutes3
1560847273100:resttest
1560853711041:help
